==============================================================================
Suites                                                                        
==============================================================================
Suites.DDT1                                                                   
==============================================================================
TC1                                                                   | PASS |
------------------------------------------------------------------------------
TC2                                                                   | PASS |
------------------------------------------------------------------------------
TC3                                                                   | PASS |
------------------------------------------------------------------------------
TC4                                                                   | PASS |
------------------------------------------------------------------------------
Suites.DDT1                                                           | PASS |
4 tests, 4 passed, 0 failed
==============================================================================
Suites                                                                | PASS |
4 tests, 4 passed, 0 failed
==============================================================================
Output:  C:\Users\Santhosh N\PycharmProjects\RobotFramework\pabot_results\0\output.xml
