==============================================================================
Suites                                                                        
==============================================================================
Suites.DDT2 Excel                                                             
==============================================================================
TC1                                                                   | PASS |
------------------------------------------------------------------------------
TC1                                                                   | PASS |
------------------------------------------------------------------------------
TC1                                                                   | PASS |
------------------------------------------------------------------------------
TC1                                                                   | PASS |
------------------------------------------------------------------------------
Suites.DDT2 Excel                                                     | PASS |
4 tests, 4 passed, 0 failed
==============================================================================
Suites                                                                | PASS |
4 tests, 4 passed, 0 failed
==============================================================================
Output:  C:\Users\Santhosh N\PycharmProjects\RobotFramework\pabot_results\1\output.xml
